libs/libxposed/api/build/outputs/logs/manifest-merger-debug-report.txt
-- Merging decision tree log ---
manifest
ADDED from libxposed\api\AndroidManifest.xml:1:1-13
INJECTED from libxposed\api\AndroidManifest.xml:1:1-13
	package
		INJECTED from libxposed\api\AndroidManifest.xml
uses-sdk
INJECTED from libxposed\api\AndroidManifest.xml reason: use-sdk injection requested
INJECTED from libxposed\api\AndroidManifest.xml
INJECTED from libxposed\api\AndroidManifest.xml
	android:targetSdkVersion
		INJECTED from libxposed\api\AndroidManifest.xml
	android:minSdkVersion
		INJECTED from libxposed\api\AndroidManifest.xml